<?xml version="1.0" encoding="UTF-8"?>
<testng-results skipped="0" failed="0" total="1" passed="1">
  <reporter-output>
  </reporter-output>
  <suite name="Default suite" duration-ms="56571" started-at="2017-07-13T19:55:36Z" finished-at="2017-07-13T19:56:32Z">
    <groups>
    </groups>
    <test name="Default test" duration-ms="56571" started-at="2017-07-13T19:55:36Z" finished-at="2017-07-13T19:56:32Z">
      <class name="tests.amazonTest.TestCasesExam">
        <test-method status="PASS" signature="setUp()[pri:0, instance:tests.amazonTest.TestCasesExam@1794d431]" name="setUp" is-config="true" duration-ms="16240" started-at="2017-07-13T12:55:36Z" finished-at="2017-07-13T12:55:52Z">
          <reporter-output>
          </reporter-output>
        </test-method> <!-- setUp -->
        <test-method status="PASS" signature="Show_Result_Top5()[pri:3, instance:tests.amazonTest.TestCasesExam@1794d431]" name="Show_Result_Top5" duration-ms="39229" started-at="2017-07-13T12:55:52Z" finished-at="2017-07-13T12:56:31Z">
          <reporter-output>
          </reporter-output>
        </test-method> <!-- Show_Result_Top5 -->
        <test-method status="PASS" signature="tearDown()[pri:0, instance:tests.amazonTest.TestCasesExam@1794d431]" name="tearDown" is-config="true" duration-ms="1082" started-at="2017-07-13T12:56:31Z" finished-at="2017-07-13T12:56:32Z">
          <reporter-output>
          </reporter-output>
        </test-method> <!-- tearDown -->
      </class> <!-- tests.amazonTest.TestCasesExam -->
    </test> <!-- Default test -->
  </suite> <!-- Default suite -->
</testng-results>
